<?xml version="1.0" encoding="UTF-8"?>
<testng-results ignored="0" total="1" passed="1" failed="0" skipped="0">
  <reporter-output>
  </reporter-output>
  <suite started-at="2024-08-11T21:53:18 EET" name="Default suite" finished-at="2024-08-11T21:53:24 EET" duration-ms="6210">
    <groups>
    </groups>
    <test started-at="2024-08-11T21:53:18 EET" name="Default test" finished-at="2024-08-11T21:53:24 EET" duration-ms="6210">
      <class name="secondProjectAuto.MyLoginTestcases">
        <test-method is-config="true" signature="mySetUp()[pri:0, instance:secondProjectAuto.MyLoginTestcases@44c79f32]" started-at="2024-08-11T21:53:18 EET" name="mySetUp" finished-at="2024-08-11T21:53:20 EET" duration-ms="1813" status="PASS">
          <reporter-output>
          </reporter-output>
        </test-method> <!-- mySetUp -->
        <test-method signature="myFirstTest()[pri:0, instance:secondProjectAuto.MyLoginTestcases@44c79f32]" started-at="2024-08-11T21:53:20 EET" name="myFirstTest" finished-at="2024-08-11T21:53:24 EET" duration-ms="4366" status="PASS">
          <reporter-output>
          </reporter-output>
        </test-method> <!-- myFirstTest -->
      </class> <!-- secondProjectAuto.MyLoginTestcases -->
    </test> <!-- Default test -->
  </suite> <!-- Default suite -->
</testng-results>
